
  VITE v7.1.3  ready in 392 ms

  ➜  Local:   http://localhost:5173/
  ➜  Network: use --host to expose
9:39:33 PM [vite] (client) Pre-transform error: /home/ravindra162/Desktop/prepNow/frontend/src/pages/MyTests.jsx: Adjacent JSX elements must be wrapped in an enclosing tag. Did you want a JSX fragment <>...</>? (275:14)

  273 |                   </div>
  274 |                 </div>
> 275 |               </div>
      |               ^
  276 |             ))}
  277 |           </div>
  278 |         )}
  Plugin: vite:react-babel
  File: /home/ravindra162/Desktop/prepNow/frontend/src/pages/MyTests.jsx:275:14
  273 |                    </div>
  274 |                  </div>
  275 |                </div>
      |                ^
  276 |              ))}
  277 |            </div>
9:39:33 PM [vite] Internal server error: /home/ravindra162/Desktop/prepNow/frontend/src/pages/MyTests.jsx: Adjacent JSX elements must be wrapped in an enclosing tag. Did you want a JSX fragment <>...</>? (275:14)

  273 |                   </div>
  274 |                 </div>
> 275 |               </div>
      |               ^
  276 |             ))}
  277 |           </div>
  278 |         )}
  Plugin: vite:react-babel
  File: /home/ravindra162/Desktop/prepNow/frontend/src/pages/MyTests.jsx:275:14
  273 |                    </div>
  274 |                  </div>
  275 |                </div>
      |                ^
  276 |              ))}
  277 |            </div>
      at constructor (/home/ravindra162/Desktop/prepNow/frontend/node_modules/@babel/parser/lib/index.js:367:19)
      at JSXParserMixin.raise (/home/ravindra162/Desktop/prepNow/frontend/node_modules/@babel/parser/lib/index.js:6630:19)
      at JSXParserMixin.jsxParseElementAt (/home/ravindra162/Desktop/prepNow/frontend/node_modules/@babel/parser/lib/index.js:4775:18)
      at JSXParserMixin.jsxParseElement (/home/ravindra162/Desktop/prepNow/frontend/node_modules/@babel/parser/lib/index.js:4782:17)
      at JSXParserMixin.parseExprAtom (/home/ravindra162/Desktop/prepNow/frontend/node_modules/@babel/parser/lib/index.js:4792:19)
      at JSXParserMixin.parseExprSubscripts (/home/ravindra162/Desktop/prepNow/frontend/node_modules/@babel/parser/lib/index.js:11081:23)
      at JSXParserMixin.parseUpdate (/home/ravindra162/Desktop/prepNow/frontend/node_modules/@babel/parser/lib/index.js:11066:21)
      at JSXParserMixin.parseMaybeUnary (/home/ravindra162/Desktop/prepNow/frontend/node_modules/@babel/parser/lib/index.js:11046:23)
      at JSXParserMixin.parseMaybeUnaryOrPrivate (/home/ravindra162/Desktop/prepNow/frontend/node_modules/@babel/parser/lib/index.js:10899:61)
      at JSXParserMixin.parseExprOps (/home/ravindra162/Desktop/prepNow/frontend/node_modules/@babel/parser/lib/index.js:10904:23)
      at JSXParserMixin.parseMaybeConditional (/home/ravindra162/Desktop/prepNow/frontend/node_modules/@babel/parser/lib/index.js:10881:23)
      at JSXParserMixin.parseMaybeAssign (/home/ravindra162/Desktop/prepNow/frontend/node_modules/@babel/parser/lib/index.js:10831:21)
      at /home/ravindra162/Desktop/prepNow/frontend/node_modules/@babel/parser/lib/index.js:10800:39
      at JSXParserMixin.allowInAnd (/home/ravindra162/Desktop/prepNow/frontend/node_modules/@babel/parser/lib/index.js:12432:12)
      at JSXParserMixin.parseMaybeAssignAllowIn (/home/ravindra162/Desktop/prepNow/frontend/node_modules/@babel/parser/lib/index.js:10800:17)
      at JSXParserMixin.parseMaybeAssignAllowInOrVoidPattern (/home/ravindra162/Desktop/prepNow/frontend/node_modules/@babel/parser/lib/index.js:12499:17)
      at JSXParserMixin.parseParenAndDistinguishExpression (/home/ravindra162/Desktop/prepNow/frontend/node_modules/@babel/parser/lib/index.js:11679:28)
      at JSXParserMixin.parseExprAtom (/home/ravindra162/Desktop/prepNow/frontend/node_modules/@babel/parser/lib/index.js:11331:23)
      at JSXParserMixin.parseExprAtom (/home/ravindra162/Desktop/prepNow/frontend/node_modules/@babel/parser/lib/index.js:4797:20)
      at JSXParserMixin.parseExprSubscripts (/home/ravindra162/Desktop/prepNow/frontend/node_modules/@babel/parser/lib/index.js:11081:23)
      at JSXParserMixin.parseUpdate (/home/ravindra162/Desktop/prepNow/frontend/node_modules/@babel/parser/lib/index.js:11066:21)
      at JSXParserMixin.parseMaybeUnary (/home/ravindra162/Desktop/prepNow/frontend/node_modules/@babel/parser/lib/index.js:11046:23)
      at JSXParserMixin.parseMaybeUnaryOrPrivate (/home/ravindra162/Desktop/prepNow/frontend/node_modules/@babel/parser/lib/index.js:10899:61)
      at JSXParserMixin.parseExprOps (/home/ravindra162/Desktop/prepNow/frontend/node_modules/@babel/parser/lib/index.js:10904:23)
      at JSXParserMixin.parseMaybeConditional (/home/ravindra162/Desktop/prepNow/frontend/node_modules/@babel/parser/lib/index.js:10881:23)
      at JSXParserMixin.parseMaybeAssign (/home/ravindra162/Desktop/prepNow/frontend/node_modules/@babel/parser/lib/index.js:10831:21)
      at JSXParserMixin.parseFunctionBody (/home/ravindra162/Desktop/prepNow/frontend/node_modules/@babel/parser/lib/index.js:12099:24)
      at JSXParserMixin.parseArrowExpression (/home/ravindra162/Desktop/prepNow/frontend/node_modules/@babel/parser/lib/index.js:12081:10)
      at JSXParserMixin.parseParenAndDistinguishExpression (/home/ravindra162/Desktop/prepNow/frontend/node_modules/@babel/parser/lib/index.js:11691:12)
      at JSXParserMixin.parseExprAtom (/home/ravindra162/Desktop/prepNow/frontend/node_modules/@babel/parser/lib/index.js:11331:23)
      at JSXParserMixin.parseExprAtom (/home/ravindra162/Desktop/prepNow/frontend/node_modules/@babel/parser/lib/index.js:4797:20)
      at JSXParserMixin.parseExprSubscripts (/home/ravindra162/Desktop/prepNow/frontend/node_modules/@babel/parser/lib/index.js:11081:23)
      at JSXParserMixin.parseUpdate (/home/ravindra162/Desktop/prepNow/frontend/node_modules/@babel/parser/lib/index.js:11066:21)
      at JSXParserMixin.parseMaybeUnary (/home/ravindra162/Desktop/prepNow/frontend/node_modules/@babel/parser/lib/index.js:11046:23)
      at JSXParserMixin.parseMaybeUnaryOrPrivate (/home/ravindra162/Desktop/prepNow/frontend/node_modules/@babel/parser/lib/index.js:10899:61)
      at JSXParserMixin.parseExprOps (/home/ravindra162/Desktop/prepNow/frontend/node_modules/@babel/parser/lib/index.js:10904:23)
      at JSXParserMixin.parseMaybeConditional (/home/ravindra162/Desktop/prepNow/frontend/node_modules/@babel/parser/lib/index.js:10881:23)
      at JSXParserMixin.parseMaybeAssign (/home/ravindra162/Desktop/prepNow/frontend/node_modules/@babel/parser/lib/index.js:10831:21)
      at /home/ravindra162/Desktop/prepNow/frontend/node_modules/@babel/parser/lib/index.js:10800:39
      at JSXParserMixin.allowInAnd (/home/ravindra162/Desktop/prepNow/frontend/node_modules/@babel/parser/lib/index.js:12432:12)
      at JSXParserMixin.parseMaybeAssignAllowIn (/home/ravindra162/Desktop/prepNow/frontend/node_modules/@babel/parser/lib/index.js:10800:17)
      at JSXParserMixin.parseMaybeAssignAllowInOrVoidPattern (/home/ravindra162/Desktop/prepNow/frontend/node_modules/@babel/parser/lib/index.js:12499:17)
      at JSXParserMixin.parseExprListItem (/home/ravindra162/Desktop/prepNow/frontend/node_modules/@babel/parser/lib/index.js:12181:18)
      at JSXParserMixin.parseCallExpressionArguments (/home/ravindra162/Desktop/prepNow/frontend/node_modules/@babel/parser/lib/index.js:11252:22)
      at JSXParserMixin.parseCoverCallAndAsyncArrowHead (/home/ravindra162/Desktop/prepNow/frontend/node_modules/@babel/parser/lib/index.js:11186:29)
      at JSXParserMixin.parseSubscript (/home/ravindra162/Desktop/prepNow/frontend/node_modules/@babel/parser/lib/index.js:11120:19)
      at JSXParserMixin.parseSubscripts (/home/ravindra162/Desktop/prepNow/frontend/node_modules/@babel/parser/lib/index.js:11094:19)
      at JSXParserMixin.parseExprSubscripts (/home/ravindra162/Desktop/prepNow/frontend/node_modules/@babel/parser/lib/index.js:11085:17)
      at JSXParserMixin.parseUpdate (/home/ravindra162/Desktop/prepNow/frontend/node_modules/@babel/parser/lib/index.js:11066:21)
      at JSXParserMixin.parseMaybeUnary (/home/ravindra162/Desktop/prepNow/frontend/node_modules/@babel/parser/lib/index.js:11046:23)
