[INFO] Scanning for projects...
[INFO] 
[INFO] --------------< com.SubmissionService:SubmissionService >---------------
[INFO] Building Submission 0.0.1-SNAPSHOT
[INFO]   from pom.xml
[INFO] --------------------------------[ jar ]---------------------------------
[INFO] 
[INFO] >>> spring-boot:3.5.6:run (default-cli) > test-compile @ SubmissionService >>>
[INFO] 
[INFO] --- resources:3.3.1:resources (default-resources) @ SubmissionService ---
[INFO] Copying 1 resource from src/main/resources to target/classes
[INFO] Copying 0 resource from src/main/resources to target/classes
[INFO] 
[INFO] --- compiler:3.14.0:compile (default-compile) @ SubmissionService ---
[INFO] Recompiling the module because of changed source code.
[INFO] Compiling 28 source files with javac [debug parameters release 21] to target/classes
[INFO] -------------------------------------------------------------
[ERROR] COMPILATION ERROR : 
[INFO] -------------------------------------------------------------
[ERROR] /home/ravindra162/Desktop/prepNow/SubmissionService/src/main/java/com/Submission/SubmissionService/service/EvaluationService.java:[126,1] class, interface, enum, or record expected
[ERROR] /home/ravindra162/Desktop/prepNow/SubmissionService/src/main/java/com/Submission/SubmissionService/service/EvaluationService.java:[128,1] class, interface, enum, or record expected
[ERROR] /home/ravindra162/Desktop/prepNow/SubmissionService/src/main/java/com/Submission/SubmissionService/service/EvaluationService.java:[129,1] class, interface, enum, or record expected
[ERROR] /home/ravindra162/Desktop/prepNow/SubmissionService/src/main/java/com/Submission/SubmissionService/service/EvaluationService.java:[130,1] class, interface, enum, or record expected
[ERROR] /home/ravindra162/Desktop/prepNow/SubmissionService/src/main/java/com/Submission/SubmissionService/service/EvaluationService.java:[131,1] class, interface, enum, or record expected
[ERROR] /home/ravindra162/Desktop/prepNow/SubmissionService/src/main/java/com/Submission/SubmissionService/service/EvaluationService.java:[132,1] class, interface, enum, or record expected
[ERROR] /home/ravindra162/Desktop/prepNow/SubmissionService/src/main/java/com/Submission/SubmissionService/service/EvaluationService.java:[133,1] class, interface, enum, or record expected
[ERROR] /home/ravindra162/Desktop/prepNow/SubmissionService/src/main/java/com/Submission/SubmissionService/service/EvaluationService.java:[134,1] class, interface, enum, or record expected
[ERROR] /home/ravindra162/Desktop/prepNow/SubmissionService/src/main/java/com/Submission/SubmissionService/service/EvaluationService.java:[135,1] class, interface, enum, or record expected
[ERROR] /home/ravindra162/Desktop/prepNow/SubmissionService/src/main/java/com/Submission/SubmissionService/service/EvaluationService.java:[137,1] class, interface, enum, or record expected
[ERROR] /home/ravindra162/Desktop/prepNow/SubmissionService/src/main/java/com/Submission/SubmissionService/service/EvaluationService.java:[138,1] class, interface, enum, or record expected
[ERROR] /home/ravindra162/Desktop/prepNow/SubmissionService/src/main/java/com/Submission/SubmissionService/service/EvaluationService.java:[139,1] class, interface, enum, or record expected
[INFO] 12 errors 
[INFO] -------------------------------------------------------------
[INFO] ------------------------------------------------------------------------
[INFO] BUILD FAILURE
[INFO] ------------------------------------------------------------------------
[INFO] Total time:  6.031 s
[INFO] Finished at: 2025-10-23T21:30:03+05:30
[INFO] ------------------------------------------------------------------------
[ERROR] Failed to execute goal org.apache.maven.plugins:maven-compiler-plugin:3.14.0:compile (default-compile) on project SubmissionService: Compilation failure: Compilation failure: 
[ERROR] /home/ravindra162/Desktop/prepNow/SubmissionService/src/main/java/com/Submission/SubmissionService/service/EvaluationService.java:[126,1] class, interface, enum, or record expected
[ERROR] /home/ravindra162/Desktop/prepNow/SubmissionService/src/main/java/com/Submission/SubmissionService/service/EvaluationService.java:[128,1] class, interface, enum, or record expected
[ERROR] /home/ravindra162/Desktop/prepNow/SubmissionService/src/main/java/com/Submission/SubmissionService/service/EvaluationService.java:[129,1] class, interface, enum, or record expected
[ERROR] /home/ravindra162/Desktop/prepNow/SubmissionService/src/main/java/com/Submission/SubmissionService/service/EvaluationService.java:[130,1] class, interface, enum, or record expected
[ERROR] /home/ravindra162/Desktop/prepNow/SubmissionService/src/main/java/com/Submission/SubmissionService/service/EvaluationService.java:[131,1] class, interface, enum, or record expected
[ERROR] /home/ravindra162/Desktop/prepNow/SubmissionService/src/main/java/com/Submission/SubmissionService/service/EvaluationService.java:[132,1] class, interface, enum, or record expected
[ERROR] /home/ravindra162/Desktop/prepNow/SubmissionService/src/main/java/com/Submission/SubmissionService/service/EvaluationService.java:[133,1] class, interface, enum, or record expected
[ERROR] /home/ravindra162/Desktop/prepNow/SubmissionService/src/main/java/com/Submission/SubmissionService/service/EvaluationService.java:[134,1] class, interface, enum, or record expected
[ERROR] /home/ravindra162/Desktop/prepNow/SubmissionService/src/main/java/com/Submission/SubmissionService/service/EvaluationService.java:[135,1] class, interface, enum, or record expected
[ERROR] /home/ravindra162/Desktop/prepNow/SubmissionService/src/main/java/com/Submission/SubmissionService/service/EvaluationService.java:[137,1] class, interface, enum, or record expected
[ERROR] /home/ravindra162/Desktop/prepNow/SubmissionService/src/main/java/com/Submission/SubmissionService/service/EvaluationService.java:[138,1] class, interface, enum, or record expected
[ERROR] /home/ravindra162/Desktop/prepNow/SubmissionService/src/main/java/com/Submission/SubmissionService/service/EvaluationService.java:[139,1] class, interface, enum, or record expected
[ERROR] -> [Help 1]
[ERROR] 
[ERROR] To see the full stack trace of the errors, re-run Maven with the -e switch.
[ERROR] Re-run Maven using the -X switch to enable full debug logging.
[ERROR] 
[ERROR] For more information about the errors and possible solutions, please read the following articles:
[ERROR] [Help 1] http://cwiki.apache.org/confluence/display/MAVEN/MojoFailureException
